<?xml version="1.0" encoding="UTF-8"?>
<!-- Generated by org.testng.reporters.JUnitReportReporter -->
<testsuite hostname="BLL012573" failures="0" tests="2" name="com.assement.testvariant.testcase.testclass1" time="2.167" errors="0" timestamp="2022-09-18T00:18:11 IST" skipped="0">
  <testcase classname="com.assement.testvariant.testcase.testclass1" name="foregienplayer_check" time="2.034"/>
  <system-out/>
  <testcase classname="com.assement.testvariant.testcase.testclass1" name="weekedkeeper_player_check" time="0.133"/>
  <system-out/>
</testsuite> <!-- com.assement.testvariant.testcase.testclass1 -->
